<?xml version="1.0" encoding="UTF-8"?>
<!-- Generated by org.testng.reporters.JUnitXMLReporter -->
<testsuite ignored="0" hostname="MO-DESKTOP-" failures="0" tests="3" name="Testing1" time="116.121" errors="0" timestamp="2022-02-13T23:24:42 EET">
  <testcase classname="webpagestest.CheckoutProceduretest" name="checkouttest" time="63.717"/>
  <testcase classname="webpagestest.CheckoutProceduretest" name="SubtractQuantitytest" time="40.978"/>
  <testcase classname="webpagestest.CheckoutProceduretest" name="orderhistorytest" time="10.241"/>
</testsuite> <!-- Testing1 -->
